<?xml version="1.0" encoding="UTF-8"?>
<!-- Generated by org.testng.reporters.JUnitReportReporter -->
<testsuite hostname="shreyapatil" failures="0" tests="1" name="com.mittarv.testCases.CreateNewContact_TC" time="6.006" errors="0" timestamp="2024-12-11T22:45:44 IST" skipped="0">
  <testcase classname="com.mittarv.testCases.CreateNewContact_TC" name="clickOnSignInBttn" time="6.006"/>
</testsuite> <!-- com.mittarv.testCases.CreateNewContact_TC -->
