<?xml version="1.0" encoding="UTF-8"?>
<!-- Generated by org.testng.reporters.JUnitReportReporter -->
<testsuite hostname="shreyapatil" failures="0" tests="1" name="com.mittarv.testCases.mittarvyTestCase" time="0.074" errors="0" timestamp="2024-12-23T15:22:36 IST" skipped="0">
  <testcase classname="com.mittarv.testCases.mittarvyTestCase" name="loginTest" time="0.074"/>
</testsuite> <!-- com.mittarv.testCases.mittarvyTestCase -->
